<?xml version="1.0" encoding="UTF-8"?>
<testng-results skipped="0" failed="0" ignored="0" total="1" passed="1">
  <reporter-output>
  </reporter-output>
  <suite name="Suite" duration-ms="8448" started-at="2018-02-02T11:46:16Z" finished-at="2018-02-02T11:46:24Z">
    <groups>
    </groups>
    <test name="Test" duration-ms="8448" started-at="2018-02-02T11:46:16Z" finished-at="2018-02-02T11:46:24Z">
      <class name="com.chiselon.classifieds.Regression.TC001">
        <test-method status="PASS" signature="bm(java.lang.String)[pri:0, instance:com.chiselon.classifieds.Regression.TC001@4af044]" name="bm" is-config="true" duration-ms="6640" started-at="2018-02-02T17:16:16Z" finished-at="2018-02-02T17:16:23Z">
          <params>
            <param index="0">
              <value>
                <![CDATA[chrome]]>
              </value>
            </param>
          </params>
          <reporter-output>
          </reporter-output>
        </test-method> <!-- bm -->
        <test-method status="PASS" signature="TC001()[pri:0, instance:com.chiselon.classifieds.Regression.TC001@4af044]" name="TC001" duration-ms="1778" started-at="2018-02-02T17:16:23Z" finished-at="2018-02-02T17:16:24Z">
          <reporter-output>
          </reporter-output>
        </test-method> <!-- TC001 -->
        <test-method status="PASS" signature="bma()[pri:0, instance:com.chiselon.classifieds.Regression.TC001@4af044]" name="bma" is-config="true" duration-ms="0" started-at="2018-02-02T17:16:24Z" finished-at="2018-02-02T17:16:24Z">
          <reporter-output>
          </reporter-output>
        </test-method> <!-- bma -->
      </class> <!-- com.chiselon.classifieds.Regression.TC001 -->
    </test> <!-- Test -->
  </suite> <!-- Suite -->
</testng-results>
